{"C:\\Users\\chari\\Desktop\\GitHub\\functional-programming-template\\src\\server.ts": {"path":"C:\\Users\\chari\\Desktop\\GitHub\\functional-programming-template\\src\\server.ts","statementMap":{"0":{"start":{"line":1,"column":0},"end":{"line":1,"column":67}},"1":{"start":{"line":2,"column":0},"end":{"line":2,"column":18}},"2":{"start":{"line":3,"column":0},"end":{"line":3,"column":50}},"3":{"start":{"line":4,"column":15},"end":{"line":4,"column":24}},"4":{"start":{"line":6,"column":0},"end":{"line":6,"column":27}},"5":{"start":{"line":8,"column":0},"end":{"line":8,"column":27}},"6":{"start":{"line":9,"column":0},"end":{"line":13,"column":3}},"7":{"start":{"line":10,"column":2},"end":{"line":10,"column":51}},"8":{"start":{"line":11,"column":2},"end":{"line":11,"column":78}},"9":{"start":{"line":12,"column":2},"end":{"line":12,"column":9}},"10":{"start":{"line":14,"column":0},"end":{"line":14,"column":39}},"11":{"start":{"line":15,"column":0},"end":{"line":24,"column":2}},"12":{"start":{"line":17,"column":4},"end":{"line":17,"column":38}},"13":{"start":{"line":18,"column":4},"end":{"line":18,"column":16}},"14":{"start":{"line":19,"column":4},"end":{"line":19,"column":23}},"15":{"start":{"line":20,"column":23},"end":{"line":20,"column":46}},"16":{"start":{"line":21,"column":20},"end":{"line":21,"column":51}},"17":{"start":{"line":22,"column":4},"end":{"line":22,"column":57}},"18":{"start":{"line":25,"column":16},"end":{"line":25,"column":35}},"19":{"start":{"line":26,"column":0},"end":{"line":26,"column":25}}},"fnMap":{"0":{"name":"(anonymous_1)","decl":{"start":{"line":9,"column":11},"end":{"line":9,"column":12}},"loc":{"start":{"line":9,"column":59},"end":{"line":13,"column":1}}},"1":{"name":"(anonymous_2)","decl":{"start":{"line":16,"column":2},"end":{"line":16,"column":3}},"loc":{"start":{"line":16,"column":70},"end":{"line":23,"column":3}}}},"branchMap":{"0":{"loc":{"start":{"line":20,"column":23},"end":{"line":20,"column":39}},"type":"binary-expr","locations":[{"start":{"line":20,"column":23},"end":{"line":20,"column":39}},{"start":{"line":20,"column":43},"end":{"line":20,"column":46}}]},"1":{"loc":{"start":{"line":21,"column":20},"end":{"line":21,"column":33}},"type":"binary-expr","locations":[{"start":{"line":21,"column":20},"end":{"line":21,"column":33}},{"start":{"line":21,"column":37},"end":{"line":21,"column":51}}]}},"s":{"0":1,"1":1,"2":1,"3":1,"4":1,"5":1,"6":1,"7":2,"8":2,"9":2,"10":1,"11":1,"12":0,"13":0,"14":0,"15":0,"16":0,"17":0,"18":1,"19":1},"f":{"0":2,"1":0},"b":{"0":[0,0],"1":[0,0]}}
,"C:\\Users\\chari\\Desktop\\GitHub\\functional-programming-template\\src\\controllers\\controllerFactory.ts": {"path":"C:\\Users\\chari\\Desktop\\GitHub\\functional-programming-template\\src\\controllers\\controllerFactory.ts","statementMap":{"0":{"start":{"line":5,"column":2},"end":{"line":12,"column":4}},"1":{"start":{"line":7,"column":42},"end":{"line":7,"column":null}},"2":{"start":{"line":7,"column":10},"end":{"line":7,"column":null}},"3":{"start":{"line":8,"column":6},"end":{"line":8,"column":49}},"4":{"start":{"line":10,"column":6},"end":{"line":10,"column":18}},"5":{"start":{"line":14,"column":0},"end":{"line":14,"column":33}}},"fnMap":{"0":{"name":"controllerFactory","decl":{"start":{"line":4,"column":9},"end":{"line":4,"column":26}},"loc":{"start":{"line":4,"column":60},"end":{"line":13,"column":1}}},"1":{"name":"(anonymous_14)","decl":{"start":{"line":5,"column":9},"end":{"line":5,"column":25}},"loc":{"start":{"line":5,"column":72},"end":{"line":12,"column":4}}}},"branchMap":{},"s":{"0":2,"1":2,"2":2,"3":2,"4":0,"5":1},"f":{"0":2,"1":2},"b":{}}
,"C:\\Users\\chari\\Desktop\\GitHub\\functional-programming-template\\src\\controllers\\test\\testController.ts": {"path":"C:\\Users\\chari\\Desktop\\GitHub\\functional-programming-template\\src\\controllers\\test\\testController.ts","statementMap":{"0":{"start":{"line":1,"column":0},"end":{"line":1,"column":46}},"1":{"start":{"line":3,"column":0},"end":{"line":3,"column":null}},"2":{"start":{"line":12,"column":19},"end":{"line":12,"column":null}},"3":{"start":{"line":12,"column":10},"end":{"line":12,"column":null}},"4":{"start":{"line":13,"column":12},"end":{"line":17,"column":8}},"5":{"start":{"line":18,"column":6},"end":{"line":18,"column":22}},"6":{"start":{"line":20,"column":4},"end":{"line":20,"column":31}},"7":{"start":{"line":24,"column":19},"end":{"line":24,"column":null}},"8":{"start":{"line":24,"column":10},"end":{"line":24,"column":null}},"9":{"start":{"line":25,"column":12},"end":{"line":29,"column":8}},"10":{"start":{"line":30,"column":6},"end":{"line":30,"column":22}},"11":{"start":{"line":32,"column":4},"end":{"line":32,"column":31}},"12":{"start":{"line":34,"column":2},"end":{"line":37,"column":5}},"13":{"start":{"line":40,"column":0},"end":{"line":40,"column":30}}},"fnMap":{"0":{"name":"testController","decl":{"start":{"line":9,"column":9},"end":{"line":9,"column":23}},"loc":{"start":{"line":9,"column":23},"end":{"line":38,"column":1}}},"1":{"name":"get","decl":{"start":{"line":10,"column":11},"end":{"line":10,"column":14}},"loc":{"start":{"line":10,"column":14},"end":{"line":21,"column":3}}},"2":{"name":"handler","decl":{"start":{"line":11,"column":19},"end":{"line":11,"column":26}},"loc":{"start":{"line":11,"column":39},"end":{"line":19,"column":null}}},"3":{"name":"post","decl":{"start":{"line":22,"column":11},"end":{"line":22,"column":15}},"loc":{"start":{"line":22,"column":15},"end":{"line":33,"column":3}}},"4":{"name":"handler","decl":{"start":{"line":23,"column":19},"end":{"line":23,"column":26}},"loc":{"start":{"line":23,"column":39},"end":{"line":31,"column":null}}}},"branchMap":{"0":{"loc":{"start":{"line":12,"column":19},"end":{"line":12,"column":null}},"type":"switch","locations":[{"start":{"line":12,"column":19},"end":{"line":12,"column":null}}]},"1":{"loc":{"start":{"line":24,"column":19},"end":{"line":24,"column":null}},"type":"switch","locations":[{"start":{"line":24,"column":19},"end":{"line":24,"column":null}}]}},"s":{"0":1,"1":1,"2":1,"3":1,"4":1,"5":1,"6":1,"7":1,"8":1,"9":1,"10":1,"11":1,"12":1,"13":1},"f":{"0":1,"1":1,"2":1,"3":1,"4":1},"b":{"0":[1],"1":[1]}}
,"C:\\Users\\chari\\Desktop\\GitHub\\functional-programming-template\\src\\dao\\dbAccess\\dbAccess.ts": {"path":"C:\\Users\\chari\\Desktop\\GitHub\\functional-programming-template\\src\\dao\\dbAccess\\dbAccess.ts","statementMap":{"0":{"start":{"line":1,"column":0},"end":{"line":1,"column":42}},"1":{"start":{"line":2,"column":0},"end":{"line":2,"column":27}},"2":{"start":{"line":3,"column":20},"end":{"line":3,"column":49}},"3":{"start":{"line":4,"column":15},"end":{"line":4,"column":65}},"4":{"start":{"line":7,"column":6},"end":{"line":7,"column":7}},"5":{"start":{"line":8,"column":4},"end":{"line":8,"column":27}},"6":{"start":{"line":10,"column":2},"end":{"line":10,"column":21}},"7":{"start":{"line":12,"column":0},"end":{"line":12,"column":27}}},"fnMap":{"0":{"name":"getDbAccess","decl":{"start":{"line":6,"column":15},"end":{"line":6,"column":26}},"loc":{"start":{"line":6,"column":26},"end":{"line":11,"column":null}}}},"branchMap":{"0":{"loc":{"start":{"line":3,"column":20},"end":{"line":3,"column":43}},"type":"binary-expr","locations":[{"start":{"line":3,"column":20},"end":{"line":3,"column":43}},{"start":{"line":3,"column":47},"end":{"line":3,"column":49}}]},"1":{"loc":{"start":{"line":10,"column":2},"end":{"line":10,"column":21}},"type":"switch","locations":[{"start":{"line":10,"column":2},"end":{"line":10,"column":21}}]},"2":{"loc":{"start":{"line":7,"column":6},"end":{"line":7,"column":7}},"type":"if","locations":[{"start":{"line":7,"column":6},"end":{"line":7,"column":7}},{"start":{"line":7,"column":6},"end":{"line":7,"column":7}}]}},"s":{"0":1,"1":1,"2":1,"3":1,"4":3,"5":2,"6":2,"7":1},"f":{"0":2},"b":{"0":[1,0],"1":[2],"2":[1,1]}}
,"C:\\Users\\chari\\Desktop\\GitHub\\functional-programming-template\\src\\dao\\test\\testDao.ts": {"path":"C:\\Users\\chari\\Desktop\\GitHub\\functional-programming-template\\src\\dao\\test\\testDao.ts","statementMap":{"0":{"start":{"line":1,"column":17},"end":{"line":1,"column":44}},"1":{"start":{"line":7,"column":11},"end":{"line":7,"column":73}},"2":{"start":{"line":7,"column":4},"end":{"line":7,"column":73}},"3":{"start":{"line":10,"column":11},"end":{"line":10,"column":75}},"4":{"start":{"line":10,"column":4},"end":{"line":10,"column":75}},"5":{"start":{"line":5,"column":11},"end":{"line":5,"column":null}},"6":{"start":{"line":5,"column":6},"end":{"line":5,"column":null}},"7":{"start":{"line":12,"column":2},"end":{"line":15,"column":5}},"8":{"start":{"line":4,"column":0},"end":{"line":4,"column":22}}},"fnMap":{"0":{"name":"createTestDao","decl":{"start":{"line":4,"column":22},"end":{"line":4,"column":35}},"loc":{"start":{"line":4,"column":54},"end":{"line":16,"column":null}}},"1":{"name":"getTestMessage","decl":{"start":{"line":6,"column":17},"end":{"line":6,"column":31}},"loc":{"start":{"line":6,"column":31},"end":{"line":8,"column":null}}},"2":{"name":"postTestMessage","decl":{"start":{"line":9,"column":17},"end":{"line":9,"column":32}},"loc":{"start":{"line":9,"column":32},"end":{"line":11,"column":null}}}},"branchMap":{"0":{"loc":{"start":{"line":7,"column":11},"end":{"line":7,"column":73}},"type":"switch","locations":[{"start":{"line":7,"column":11},"end":{"line":7,"column":73}},{"start":{"line":7,"column":4},"end":{"line":7,"column":73}}]},"1":{"loc":{"start":{"line":10,"column":11},"end":{"line":10,"column":75}},"type":"switch","locations":[{"start":{"line":10,"column":11},"end":{"line":10,"column":75}},{"start":{"line":10,"column":4},"end":{"line":10,"column":75}}]},"2":{"loc":{"start":{"line":5,"column":11},"end":{"line":5,"column":null}},"type":"switch","locations":[{"start":{"line":5,"column":11},"end":{"line":5,"column":null}}]}},"s":{"0":1,"1":1,"2":1,"3":1,"4":1,"5":2,"6":2,"7":2,"8":1},"f":{"0":2,"1":1,"2":1},"b":{"0":[1,1],"1":[1,1],"2":[2]}}
,"C:\\Users\\chari\\Desktop\\GitHub\\functional-programming-template\\src\\enums\\errorTypes\\errorTypes.ts": {"path":"C:\\Users\\chari\\Desktop\\GitHub\\functional-programming-template\\src\\enums\\errorTypes\\errorTypes.ts","statementMap":{"0":{"start":{"line":1,"column":0},"end":{"line":1,"column":null}},"1":{"start":{"line":2,"column":2},"end":{"line":2,"column":null}},"2":{"start":{"line":3,"column":2},"end":{"line":3,"column":null}},"3":{"start":{"line":4,"column":2},"end":{"line":4,"column":null}},"4":{"start":{"line":5,"column":2},"end":{"line":5,"column":null}},"5":{"start":{"line":6,"column":2},"end":{"line":6,"column":null}},"6":{"start":{"line":7,"column":2},"end":{"line":7,"column":null}}},"fnMap":{"0":{"name":"(anonymous_0)","decl":{"start":{"line":1,"column":0},"end":{"line":1,"column":12}},"loc":{"start":{"line":1,"column":22},"end":{"line":8,"column":1}}}},"branchMap":{"0":{"loc":{"start":{"line":1,"column":12},"end":{"line":1,"column":22}},"type":"binary-expr","locations":[{"start":{"line":1,"column":12},"end":{"line":1,"column":22}},{"start":{"line":1,"column":12},"end":{"line":1,"column":null}}]}},"s":{"0":1,"1":1,"2":1,"3":1,"4":1,"5":1,"6":1},"f":{"0":1},"b":{"0":[1,1]}}
,"C:\\Users\\chari\\Desktop\\GitHub\\functional-programming-template\\src\\routes\\RouterSingleton.ts": {"path":"C:\\Users\\chari\\Desktop\\GitHub\\functional-programming-template\\src\\routes\\RouterSingleton.ts","statementMap":{"0":{"start":{"line":1,"column":0},"end":{"line":1,"column":33}},"1":{"start":{"line":3,"column":0},"end":{"line":3,"column":null}},"2":{"start":{"line":5,"column":9},"end":{"line":11,"column":null}},"3":{"start":{"line":6,"column":4},"end":{"line":9,"column":null}},"4":{"start":{"line":7,"column":6},"end":{"line":7,"column":48}},"5":{"start":{"line":8,"column":6},"end":{"line":8,"column":44}},"6":{"start":{"line":10,"column":4},"end":{"line":10,"column":42}},"7":{"start":{"line":12,"column":0},"end":{"line":12,"column":null}},"8":{"start":{"line":13,"column":0},"end":{"line":13,"column":31}}},"fnMap":{"0":{"name":"(anonymous_0)","decl":{"start":{"line":3,"column":0},"end":{"line":3,"column":null}},"loc":{"start":{"line":3,"column":0},"end":{"line":12,"column":null}}},"1":{"name":"(anonymous_2)","decl":{"start":{"line":5,"column":2},"end":{"line":5,"column":9}},"loc":{"start":{"line":5,"column":2},"end":{"line":11,"column":3}}}},"branchMap":{"0":{"loc":{"start":{"line":6,"column":4},"end":{"line":9,"column":null}},"type":"if","locations":[{"start":{"line":6,"column":4},"end":{"line":9,"column":null}},{"start":{"line":6,"column":4},"end":{"line":9,"column":null}}]}},"s":{"0":1,"1":1,"2":1,"3":2,"4":1,"5":1,"6":1,"7":1,"8":1},"f":{"0":1,"1":2},"b":{"0":[1,1]}}
,"C:\\Users\\chari\\Desktop\\GitHub\\functional-programming-template\\src\\routes\\index.ts": {"path":"C:\\Users\\chari\\Desktop\\GitHub\\functional-programming-template\\src\\routes\\index.ts","statementMap":{"0":{"start":{"line":1,"column":0},"end":{"line":1,"column":8}},"1":{"start":{"line":1,"column":8},"end":{"line":1,"column":50}}},"fnMap":{},"branchMap":{},"s":{"0":1,"1":1},"f":{},"b":{}}
,"C:\\Users\\chari\\Desktop\\GitHub\\functional-programming-template\\src\\routes\\testRoutes\\testRoutes.ts": {"path":"C:\\Users\\chari\\Desktop\\GitHub\\functional-programming-template\\src\\routes\\testRoutes\\testRoutes.ts","statementMap":{"0":{"start":{"line":3,"column":0},"end":{"line":3,"column":49}},"1":{"start":{"line":4,"column":0},"end":{"line":4,"column":67}},"2":{"start":{"line":5,"column":19},"end":{"line":5,"column":46}},"3":{"start":{"line":11,"column":9},"end":{"line":11,"column":19}},"4":{"start":{"line":6,"column":6},"end":{"line":6,"column":8}},"5":{"start":{"line":6,"column":8},"end":{"line":6,"column":11}},"6":{"start":{"line":6,"column":13},"end":{"line":6,"column":38}},"7":{"start":{"line":8,"column":0},"end":{"line":8,"column":31}},"8":{"start":{"line":9,"column":0},"end":{"line":9,"column":33}}},"fnMap":{},"branchMap":{},"s":{"0":1,"1":1,"2":1,"3":1,"4":1,"5":1,"6":1,"7":1,"8":1},"f":{},"b":{}}
,"C:\\Users\\chari\\Desktop\\GitHub\\functional-programming-template\\src\\services\\test\\index.ts": {"path":"C:\\Users\\chari\\Desktop\\GitHub\\functional-programming-template\\src\\services\\test\\index.ts","statementMap":{"0":{"start":{"line":2,"column":0},"end":{"line":2,"column":50}},"1":{"start":{"line":3,"column":0},"end":{"line":3,"column":42}},"2":{"start":{"line":5,"column":14},"end":{"line":5,"column":61}}},"fnMap":{},"branchMap":{},"s":{"0":1,"1":1,"2":1},"f":{},"b":{}}
,"C:\\Users\\chari\\Desktop\\GitHub\\functional-programming-template\\src\\services\\test\\testServices.ts": {"path":"C:\\Users\\chari\\Desktop\\GitHub\\functional-programming-template\\src\\services\\test\\testServices.ts","statementMap":{"0":{"start":{"line":1,"column":0},"end":{"line":1,"column":55}},"1":{"start":{"line":4,"column":0},"end":{"line":4,"column":63}},"2":{"start":{"line":5,"column":0},"end":{"line":5,"column":75}},"3":{"start":{"line":9,"column":29},"end":{"line":9,"column":null}},"4":{"start":{"line":9,"column":10},"end":{"line":9,"column":29}},"5":{"start":{"line":10,"column":17},"end":{"line":10,"column":null}},"6":{"start":{"line":10,"column":8},"end":{"line":10,"column":null}},"7":{"start":{"line":11,"column":10},"end":{"line":15,"column":6}},"8":{"start":{"line":16,"column":4},"end":{"line":16,"column":50}},"9":{"start":{"line":17,"column":4},"end":{"line":17,"column":18}},"10":{"start":{"line":20,"column":30},"end":{"line":20,"column":null}},"11":{"start":{"line":20,"column":10},"end":{"line":20,"column":30}},"12":{"start":{"line":21,"column":17},"end":{"line":21,"column":null}},"13":{"start":{"line":21,"column":8},"end":{"line":21,"column":null}},"14":{"start":{"line":22,"column":10},"end":{"line":24,"column":6}},"15":{"start":{"line":25,"column":4},"end":{"line":25,"column":50}},"16":{"start":{"line":26,"column":4},"end":{"line":26,"column":18}},"17":{"start":{"line":28,"column":2},"end":{"line":31,"column":5}},"18":{"start":{"line":33,"column":0},"end":{"line":33,"column":28}}},"fnMap":{"0":{"name":"testServices","decl":{"start":{"line":7,"column":9},"end":{"line":7,"column":21}},"loc":{"start":{"line":7,"column":40},"end":{"line":32,"column":1}}},"1":{"name":"fetchTestMessageService","decl":{"start":{"line":8,"column":17},"end":{"line":8,"column":40}},"loc":{"start":{"line":8,"column":40},"end":{"line":18,"column":null}}},"2":{"name":"addTestMessageService","decl":{"start":{"line":19,"column":17},"end":{"line":19,"column":38}},"loc":{"start":{"line":19,"column":38},"end":{"line":27,"column":null}}}},"branchMap":{"0":{"loc":{"start":{"line":9,"column":29},"end":{"line":9,"column":null}},"type":"switch","locations":[{"start":{"line":9,"column":29},"end":{"line":9,"column":null}}]},"1":{"loc":{"start":{"line":20,"column":30},"end":{"line":20,"column":null}},"type":"switch","locations":[{"start":{"line":20,"column":30},"end":{"line":20,"column":null}}]}},"s":{"0":1,"1":1,"2":1,"3":1,"4":1,"5":1,"6":1,"7":1,"8":1,"9":1,"10":1,"11":1,"12":1,"13":1,"14":1,"15":1,"16":1,"17":1,"18":1},"f":{"0":1,"1":1,"2":1},"b":{"0":[1],"1":[1]}}
,"C:\\Users\\chari\\Desktop\\GitHub\\functional-programming-template\\src\\utilities\\errorHandler\\errorHandlers.ts": {"path":"C:\\Users\\chari\\Desktop\\GitHub\\functional-programming-template\\src\\utilities\\errorHandler\\errorHandlers.ts","statementMap":{"0":{"start":{"line":5,"column":0},"end":{"line":5,"column":63}},"1":{"start":{"line":9,"column":2},"end":{"line":91,"column":null}},"2":{"start":{"line":11,"column":6},"end":{"line":17,"column":null}},"3":{"start":{"line":12,"column":33},"end":{"line":14,"column":null}},"4":{"start":{"line":16,"column":8},"end":{"line":16,"column":20}},"5":{"start":{"line":18,"column":6},"end":{"line":18,"column":12}},"6":{"start":{"line":21,"column":6},"end":{"line":28,"column":null}},"7":{"start":{"line":22,"column":33},"end":{"line":24,"column":null}},"8":{"start":{"line":26,"column":8},"end":{"line":26,"column":50}},"9":{"start":{"line":27,"column":8},"end":{"line":27,"column":20}},"10":{"start":{"line":29,"column":6},"end":{"line":29,"column":12}},"11":{"start":{"line":32,"column":6},"end":{"line":49,"column":null}},"12":{"start":{"line":36,"column":33},"end":{"line":38,"column":null}},"13":{"start":{"line":41,"column":8},"end":{"line":41,"column":20}},"14":{"start":{"line":42,"column":13},"end":{"line":49,"column":null}},"15":{"start":{"line":43,"column":33},"end":{"line":45,"column":null}},"16":{"start":{"line":48,"column":8},"end":{"line":48,"column":20}},"17":{"start":{"line":50,"column":6},"end":{"line":50,"column":12}},"18":{"start":{"line":53,"column":6},"end":{"line":69,"column":null}},"19":{"start":{"line":58,"column":33},"end":{"line":60,"column":null}},"20":{"start":{"line":62,"column":8},"end":{"line":62,"column":20}},"21":{"start":{"line":63,"column":13},"end":{"line":69,"column":null}},"22":{"start":{"line":64,"column":33},"end":{"line":66,"column":null}},"23":{"start":{"line":68,"column":8},"end":{"line":68,"column":20}},"24":{"start":{"line":70,"column":6},"end":{"line":70,"column":12}},"25":{"start":{"line":73,"column":6},"end":{"line":85,"column":null}},"26":{"start":{"line":74,"column":33},"end":{"line":76,"column":null}},"27":{"start":{"line":78,"column":8},"end":{"line":78,"column":20}},"28":{"start":{"line":79,"column":13},"end":{"line":85,"column":null}},"29":{"start":{"line":80,"column":33},"end":{"line":82,"column":null}},"30":{"start":{"line":84,"column":8},"end":{"line":84,"column":20}},"31":{"start":{"line":86,"column":6},"end":{"line":86,"column":12}},"32":{"start":{"line":89,"column":6},"end":{"line":89,"column":13}},"33":{"start":{"line":97,"column":27},"end":{"line":97,"column":60}},"34":{"start":{"line":98,"column":2},"end":{"line":98,"column":32}},"35":{"start":{"line":99,"column":2},"end":{"line":99,"column":15}},"36":{"start":{"line":102,"column":13},"end":{"line":102,"column":59}}},"fnMap":{"0":{"name":"throwError","decl":{"start":{"line":8,"column":9},"end":{"line":8,"column":19}},"loc":{"start":{"line":8,"column":70},"end":{"line":92,"column":1}}},"1":{"name":"createError","decl":{"start":{"line":93,"column":9},"end":{"line":93,"column":20}},"loc":{"start":{"line":95,"column":32},"end":{"line":100,"column":1}}}},"branchMap":{"0":{"loc":{"start":{"line":10,"column":4},"end":{"line":19,"column":null}},"type":"switch","locations":[{"start":{"line":10,"column":4},"end":{"line":19,"column":null}},{"start":{"line":20,"column":4},"end":{"line":30,"column":null}},{"start":{"line":31,"column":4},"end":{"line":51,"column":null}},{"start":{"line":52,"column":4},"end":{"line":71,"column":null}},{"start":{"line":72,"column":4},"end":{"line":87,"column":null}},{"start":{"line":88,"column":4},"end":{"line":90,"column":null}}]},"1":{"loc":{"start":{"line":11,"column":6},"end":{"line":17,"column":null}},"type":"if","locations":[{"start":{"line":11,"column":6},"end":{"line":17,"column":null}},{"start":{"line":11,"column":6},"end":{"line":17,"column":null}}]},"2":{"loc":{"start":{"line":21,"column":6},"end":{"line":28,"column":null}},"type":"if","locations":[{"start":{"line":21,"column":6},"end":{"line":28,"column":null}},{"start":{"line":21,"column":6},"end":{"line":28,"column":null}}]},"3":{"loc":{"start":{"line":32,"column":6},"end":{"line":49,"column":null}},"type":"if","locations":[{"start":{"line":32,"column":6},"end":{"line":49,"column":null}},{"start":{"line":32,"column":6},"end":{"line":49,"column":null}}]},"4":{"loc":{"start":{"line":33,"column":8},"end":{"line":33,"column":44}},"type":"binary-expr","locations":[{"start":{"line":33,"column":8},"end":{"line":33,"column":44}},{"start":{"line":34,"column":8},"end":{"line":34,"column":36}}]},"5":{"loc":{"start":{"line":42,"column":13},"end":{"line":49,"column":null}},"type":"if","locations":[{"start":{"line":42,"column":13},"end":{"line":49,"column":null}},{"start":{"line":42,"column":13},"end":{"line":49,"column":null}}]},"6":{"loc":{"start":{"line":53,"column":6},"end":{"line":69,"column":null}},"type":"if","locations":[{"start":{"line":53,"column":6},"end":{"line":69,"column":null}},{"start":{"line":53,"column":6},"end":{"line":69,"column":null}}]},"7":{"loc":{"start":{"line":54,"column":8},"end":{"line":54,"column":44}},"type":"binary-expr","locations":[{"start":{"line":54,"column":8},"end":{"line":54,"column":44}},{"start":{"line":55,"column":8},"end":{"line":55,"column":36}},{"start":{"line":56,"column":8},"end":{"line":56,"column":35}}]},"8":{"loc":{"start":{"line":63,"column":13},"end":{"line":69,"column":null}},"type":"if","locations":[{"start":{"line":63,"column":13},"end":{"line":69,"column":null}},{"start":{"line":63,"column":13},"end":{"line":69,"column":null}}]},"9":{"loc":{"start":{"line":73,"column":6},"end":{"line":85,"column":null}},"type":"if","locations":[{"start":{"line":73,"column":6},"end":{"line":85,"column":null}},{"start":{"line":73,"column":6},"end":{"line":85,"column":null}}]},"10":{"loc":{"start":{"line":73,"column":10},"end":{"line":73,"column":45}},"type":"binary-expr","locations":[{"start":{"line":73,"column":10},"end":{"line":73,"column":45}},{"start":{"line":73,"column":49},"end":{"line":73,"column":76}}]},"11":{"loc":{"start":{"line":79,"column":13},"end":{"line":85,"column":null}},"type":"if","locations":[{"start":{"line":79,"column":13},"end":{"line":85,"column":null}},{"start":{"line":79,"column":13},"end":{"line":85,"column":null}}]}},"s":{"0":1,"1":2,"2":1,"3":0,"4":0,"5":1,"6":0,"7":0,"8":0,"9":0,"10":0,"11":1,"12":0,"13":0,"14":1,"15":0,"16":0,"17":1,"18":0,"19":0,"20":0,"21":0,"22":0,"23":0,"24":0,"25":0,"26":0,"27":0,"28":0,"29":0,"30":0,"31":0,"32":0,"33":0,"34":0,"35":0,"36":1},"f":{"0":2,"1":0},"b":{"0":[1,0,1,0,0,0],"1":[0,1],"2":[0,0],"3":[0,1],"4":[1,1],"5":[0,1],"6":[0,0],"7":[0,0,0],"8":[0,0],"9":[0,0],"10":[0,0],"11":[0,0]}}
}
