TN:
SF:src\server.ts
FN:9,(anonymous_1)
FN:16,(anonymous_2)
FNF:2
FNH:1
FNDA:2,(anonymous_1)
FNDA:0,(anonymous_2)
DA:1,1
DA:2,1
DA:3,1
DA:4,1
DA:6,1
DA:8,1
DA:9,1
DA:10,2
DA:11,2
DA:12,2
DA:14,1
DA:15,1
DA:17,0
DA:18,0
DA:19,0
DA:20,0
DA:21,0
DA:22,0
DA:25,1
DA:26,1
LF:20
LH:14
BRDA:20,0,0,0
BRDA:20,0,1,0
BRDA:21,1,0,0
BRDA:21,1,1,0
BRF:4
BRH:0
end_of_record
TN:
SF:src\controllers\controllerFactory.ts
FN:4,controllerFactory
FN:5,(anonymous_14)
FNF:2
FNH:2
FNDA:2,controllerFactory
FNDA:2,(anonymous_14)
DA:5,2
DA:7,2
DA:8,2
DA:10,0
DA:14,1
LF:5
LH:4
BRF:0
BRH:0
end_of_record
TN:
SF:src\controllers\test\testController.ts
FN:9,testController
FN:10,get
FN:11,handler
FN:22,post
FN:23,handler
FNF:5
FNH:5
FNDA:1,testController
FNDA:1,get
FNDA:1,handler
FNDA:1,post
FNDA:1,handler
DA:1,1
DA:3,1
DA:12,1
DA:13,1
DA:18,1
DA:20,1
DA:24,1
DA:25,1
DA:30,1
DA:32,1
DA:34,1
DA:40,1
LF:12
LH:12
BRDA:12,0,0,1
BRDA:24,1,0,1
BRF:2
BRH:2
end_of_record
TN:
SF:src\dao\dbAccess\dbAccess.ts
FN:6,getDbAccess
FNF:1
FNH:1
FNDA:2,getDbAccess
DA:1,1
DA:2,1
DA:3,1
DA:4,1
DA:7,3
DA:8,2
DA:10,2
DA:12,1
LF:8
LH:8
BRDA:3,0,0,1
BRDA:3,0,1,0
BRDA:10,1,0,2
BRDA:7,2,0,1
BRDA:7,2,1,1
BRF:5
BRH:4
end_of_record
TN:
SF:src\dao\test\testDao.ts
FN:4,createTestDao
FN:6,getTestMessage
FN:9,postTestMessage
FNF:3
FNH:3
FNDA:2,createTestDao
FNDA:1,getTestMessage
FNDA:1,postTestMessage
DA:1,1
DA:4,1
DA:5,2
DA:7,1
DA:10,1
DA:12,2
LF:6
LH:6
BRDA:7,0,0,1
BRDA:7,0,1,1
BRDA:10,1,0,1
BRDA:10,1,1,1
BRDA:5,2,0,2
BRF:5
BRH:5
end_of_record
TN:
SF:src\enums\errorTypes\errorTypes.ts
FN:1,(anonymous_0)
FNF:1
FNH:1
FNDA:1,(anonymous_0)
DA:1,1
DA:2,1
DA:3,1
DA:4,1
DA:5,1
DA:6,1
DA:7,1
LF:7
LH:7
BRDA:1,0,0,1
BRDA:1,0,1,1
BRF:2
BRH:2
end_of_record
TN:
SF:src\routes\RouterSingleton.ts
FN:3,(anonymous_0)
FN:5,(anonymous_2)
FNF:2
FNH:2
FNDA:1,(anonymous_0)
FNDA:2,(anonymous_2)
DA:1,1
DA:3,1
DA:5,1
DA:6,2
DA:7,1
DA:8,1
DA:10,1
DA:12,1
DA:13,1
LF:9
LH:9
BRDA:6,0,0,1
BRDA:6,0,1,1
BRF:2
BRH:2
end_of_record
TN:
SF:src\routes\index.ts
FNF:0
FNH:0
DA:1,1
LF:1
LH:1
BRF:0
BRH:0
end_of_record
TN:
SF:src\routes\testRoutes\testRoutes.ts
FNF:0
FNH:0
DA:3,1
DA:4,1
DA:5,1
DA:6,1
DA:8,1
DA:9,1
DA:11,1
LF:7
LH:7
BRF:0
BRH:0
end_of_record
TN:
SF:src\services\test\index.ts
FNF:0
FNH:0
DA:2,1
DA:3,1
DA:5,1
LF:3
LH:3
BRF:0
BRH:0
end_of_record
TN:
SF:src\services\test\testServices.ts
FN:7,testServices
FN:8,fetchTestMessageService
FN:19,addTestMessageService
FNF:3
FNH:3
FNDA:1,testServices
FNDA:1,fetchTestMessageService
FNDA:1,addTestMessageService
DA:1,1
DA:4,1
DA:5,1
DA:9,1
DA:10,1
DA:11,1
DA:16,1
DA:17,1
DA:20,1
DA:21,1
DA:22,1
DA:25,1
DA:26,1
DA:28,1
DA:33,1
LF:15
LH:15
BRDA:9,0,0,1
BRDA:20,1,0,1
BRF:2
BRH:2
end_of_record
TN:
SF:src\utilities\errorHandler\errorHandlers.ts
FN:8,throwError
FN:93,createError
FNF:2
FNH:1
FNDA:2,throwError
FNDA:0,createError
DA:5,1
DA:9,2
DA:11,1
DA:12,0
DA:16,0
DA:18,1
DA:21,0
DA:22,0
DA:26,0
DA:27,0
DA:29,0
DA:32,1
DA:36,0
DA:41,0
DA:42,1
DA:43,0
DA:48,0
DA:50,1
DA:53,0
DA:58,0
DA:62,0
DA:63,0
DA:64,0
DA:68,0
DA:70,0
DA:73,0
DA:74,0
DA:78,0
DA:79,0
DA:80,0
DA:84,0
DA:86,0
DA:89,0
DA:97,0
DA:98,0
DA:99,0
DA:102,1
LF:37
LH:8
BRDA:10,0,0,1
BRDA:10,0,1,0
BRDA:10,0,2,1
BRDA:10,0,3,0
BRDA:10,0,4,0
BRDA:10,0,5,0
BRDA:11,1,0,0
BRDA:11,1,1,1
BRDA:21,2,0,0
BRDA:21,2,1,0
BRDA:32,3,0,0
BRDA:32,3,1,1
BRDA:33,4,0,1
BRDA:33,4,1,1
BRDA:42,5,0,0
BRDA:42,5,1,1
BRDA:53,6,0,0
BRDA:53,6,1,0
BRDA:54,7,0,0
BRDA:54,7,1,0
BRDA:54,7,2,0
BRDA:63,8,0,0
BRDA:63,8,1,0
BRDA:73,9,0,0
BRDA:73,9,1,0
BRDA:73,10,0,0
BRDA:73,10,1,0
BRDA:79,11,0,0
BRDA:79,11,1,0
BRF:29
BRH:7
end_of_record
